Base path: C:/Program Files/Unity 2018.1.0b13/Editor/Data
Cmd: initializeCompiler
Cmd: initializeCompiler
Cmd: preprocess
  insize=1516 outsize=295 ok=1
Cmd: preprocess
  insize=1713 outsize=258 ok=1
Cmd: initializeCompiler
Cmd: preprocess
  insize=1516 outsize=295 ok=1
Cmd: preprocess
  insize=1713 outsize=258 ok=1
Cmd: initializeCompiler
Cmd: preprocess
  insize=1516 outsize=295 ok=1
Cmd: preprocess
  insize=1713 outsize=258 ok=1
Cmd: initializeCompiler
Cmd: preprocess
  insize=1516 outsize=295 ok=1
Cmd: preprocess
  insize=1713 outsize=258 ok=1
Cmd: initializeCompiler
Cmd: preprocess
  insize=1516 outsize=295 ok=1
Cmd: preprocess
  insize=1713 outsize=258 ok=1
Cmd: initializeCompiler
Cmd: preprocess
  insize=1516 outsize=295 ok=1
Cmd: preprocess
  insize=1713 outsize=258 ok=1
Cmd: preprocess
  insize=1516 outsize=295 ok=1
Cmd: preprocess
  insize=1713 outsize=258 ok=1
Cmd: initializeCompiler
Cmd: preprocess
  insize=1516 outsize=295 ok=1
Cmd: preprocess
  insize=1713 outsize=258 ok=1
Cmd: initializeCompiler
Cmd: preprocess
  insize=1516 outsize=295 ok=1
Cmd: initializeCompiler
Cmd: initializeCompiler
Cmd: preprocess
  insize=1516 outsize=295 ok=1
Cmd: initializeCompiler
Cmd: preprocess
  insize=1516 outsize=295 ok=1
Cmd: preprocess
  insize=1713 outsize=258 ok=1
Cmd: initializeCompiler
Cmd: preprocess
  insize=1516 outsize=295 ok=1
Cmd: preprocess
  insize=1713 outsize=258 ok=1
Cmd: initializeCompiler
Cmd: initializeCompiler
Cmd: preprocess
  insize=1516 outsize=295 ok=1
Cmd: preprocess
  insize=1516 outsize=295 ok=1
Cmd: preprocess
  insize=1713 outsize=258 ok=1
Cmd: initializeCompiler
Cmd: initializeCompiler
Cmd: initializeCompiler
Cmd: initializeCompiler
Cmd: initializeCompiler
Cmd: preprocess
  insize=1516 outsize=295 ok=1
Cmd: preprocess
  insize=1713 outsize=258 ok=1
Cmd: initializeCompiler
Cmd: preprocess
  insize=1516 outsize=295 ok=1
Cmd: preprocess
  insize=1713 outsize=258 ok=1
Cmd: initializeCompiler
Cmd: initializeCompiler
Cmd: preprocess
  insize=1516 outsize=295 ok=1
Cmd: preprocess
  insize=1713 outsize=258 ok=1
Cmd: initializeCompiler
Cmd: preprocess
  insize=1516 outsize=295 ok=1
Cmd: preprocess
  insize=1713 outsize=258 ok=1
Cmd: initializeCompiler
Cmd: initializeCompiler
Cmd: preprocess
  insize=1516 outsize=295 ok=1
Cmd: preprocess
  insize=1713 outsize=258 ok=1
Cmd: initializeCompiler
Cmd: initializeCompiler
Cmd: initializeCompiler
Cmd: initializeCompiler
Cmd: preprocess
  insize=1516 outsize=295 ok=1
Cmd: preprocess
  insize=1713 outsize=258 ok=1
Cmd: initializeCompiler
Cmd: preprocess
  insize=1516 outsize=295 ok=1
Cmd: preprocess
  insize=1713 outsize=258 ok=1
Cmd: initializeCompiler
Cmd: initializeCompiler
Cmd: preprocess
  insize=1516 outsize=295 ok=1
Cmd: preprocess
  insize=1713 outsize=258 ok=1
Cmd: initializeCompiler
Cmd: preprocess
  insize=1516 outsize=295 ok=1
Cmd: preprocess
  insize=1713 outsize=258 ok=1
Cmd: preprocess
  insize=1516 outsize=295 ok=1
Cmd: preprocess
  insize=1713 outsize=258 ok=1
Cmd: initializeCompiler
Cmd: preprocess
  insize=1516 outsize=295 ok=1
Cmd: preprocess
  insize=1713 outsize=258 ok=1
Cmd: preprocess
  insize=1516 outsize=295 ok=1
Cmd: preprocess
  insize=1713 outsize=258 ok=1
Cmd: initializeCompiler
Cmd: preprocess
  insize=1516 outsize=295 ok=1
Cmd: preprocess
  insize=1713 outsize=258 ok=1
Cmd: initializeCompiler
Cmd: preprocess
  insize=1516 outsize=295 ok=1
Cmd: preprocess
  insize=1713 outsize=258 ok=1
Cmd: preprocess
  insize=1516 outsize=295 ok=1
Cmd: preprocess
  insize=1713 outsize=258 ok=1
Cmd: initializeCompiler
Cmd: preprocess
  insize=1516 outsize=295 ok=1
Cmd: preprocess
  insize=1713 outsize=258 ok=1
Cmd: initializeCompiler
Cmd: initializeCompiler
Cmd: preprocess
  insize=1516 outsize=295 ok=1
Cmd: preprocess
  insize=1713 outsize=258 ok=1
Cmd: initializeCompiler
Cmd: preprocess
  insize=1516 outsize=295 ok=1
Cmd: preprocess
  insize=1713 outsize=258 ok=1
Cmd: initializeCompiler
Cmd: preprocess
  insize=1516 outsize=295 ok=1
Cmd: preprocess
  insize=1713 outsize=258 ok=1
Cmd: initializeCompiler
Cmd: preprocess
  insize=1516 outsize=295 ok=1
Cmd: preprocess
  insize=1713 outsize=258 ok=1
Cmd: preprocess
  insize=1516 outsize=295 ok=1
Cmd: preprocess
  insize=1713 outsize=258 ok=1
Cmd: initializeCompiler
Cmd: preprocess
  insize=1516 outsize=295 ok=1
Cmd: preprocess
  insize=1713 outsize=258 ok=1
Cmd: initializeCompiler
Cmd: preprocess
  insize=1516 outsize=295 ok=1
Cmd: preprocess
  insize=1713 outsize=258 ok=1
Cmd: initializeCompiler
Cmd: initializeCompiler
Cmd: initializeCompiler
Cmd: initializeCompiler
Cmd: initializeCompiler
Cmd: initializeCompiler
Cmd: initializeCompiler
Cmd: initializeCompiler
Cmd: initializeCompiler
Cmd: initializeCompiler
Cmd: preprocess
  insize=1516 outsize=295 ok=1
Cmd: preprocess
  insize=1713 outsize=258 ok=1
Cmd: initializeCompiler
Cmd: preprocess
  insize=1516 outsize=295 ok=1
Cmd: preprocess
  insize=1713 outsize=258 ok=1
Cmd: initializeCompiler
Cmd: preprocess
  insize=1516 outsize=295 ok=1
Cmd: preprocess
  insize=1713 outsize=258 ok=1
Cmd: initializeCompiler
Cmd: preprocess
  insize=1516 outsize=295 ok=1
Cmd: preprocess
  insize=1713 outsize=258 ok=1
Cmd: preprocess
  insize=1516 outsize=295 ok=1
Cmd: preprocess
  insize=1713 outsize=258 ok=1
Cmd: initializeCompiler
Cmd: preprocess
  insize=1516 outsize=295 ok=1
Cmd: preprocess
  insize=1713 outsize=258 ok=1
Cmd: initializeCompiler
Cmd: preprocess
  insize=1516 outsize=295 ok=1
Cmd: preprocess
  insize=1713 outsize=258 ok=1
Cmd: initializeCompiler
Cmd: preprocess
  insize=1516 outsize=295 ok=1
Cmd: preprocess
  insize=1713 outsize=258 ok=1
Cmd: initializeCompiler
Cmd: preprocess
  insize=1516 outsize=295 ok=1
Cmd: preprocess
  insize=1713 outsize=258 ok=1
Cmd: initializeCompiler
Cmd: preprocess
  insize=1516 outsize=295 ok=1
Cmd: preprocess
  insize=1713 outsize=258 ok=1
Cmd: initializeCompiler
Cmd: compileSnippet
  api=4 type=0 insize=6693 outsize=3478 kw=UNDERLAY_ON pd=UNITY_NO_DXT5nm UNITY_ENABLE_REFLECTION_BUFFERS UNITY_NO_CUBEMAP_ARRAY UNITY_NO_SCREENSPACE_SHADOWS UNITY_PBS_USE_BRDF2 SHADER_API_DESKTOP UNITY_HARDWARE_TIER3 UNITY_COLORSPACE_GAMMA UNITY_LIGHTMAP_DLDR_ENCODING ok=1
Cmd: compileSnippet
  api=4 type=1 insize=6693 outsize=1910 kw=UNDERLAY_ON pd=UNITY_NO_DXT5nm UNITY_ENABLE_REFLECTION_BUFFERS UNITY_NO_CUBEMAP_ARRAY UNITY_NO_SCREENSPACE_SHADOWS UNITY_PBS_USE_BRDF2 SHADER_API_DESKTOP UNITY_HARDWARE_TIER3 UNITY_COLORSPACE_GAMMA UNITY_LIGHTMAP_DLDR_ENCODING ok=1
Cmd: compileSnippet
  api=4 type=0 insize=6693 outsize=3478 kw=UNDERLAY_INNER pd=UNITY_NO_DXT5nm UNITY_ENABLE_REFLECTION_BUFFERS UNITY_NO_CUBEMAP_ARRAY UNITY_NO_SCREENSPACE_SHADOWS UNITY_PBS_USE_BRDF2 SHADER_API_DESKTOP UNITY_HARDWARE_TIER3 UNITY_COLORSPACE_GAMMA UNITY_LIGHTMAP_DLDR_ENCODING ok=1
Cmd: compileSnippet
  api=4 type=1 insize=6693 outsize=2082 kw=UNDERLAY_INNER pd=UNITY_NO_DXT5nm UNITY_ENABLE_REFLECTION_BUFFERS UNITY_NO_CUBEMAP_ARRAY UNITY_NO_SCREENSPACE_SHADOWS UNITY_PBS_USE_BRDF2 SHADER_API_DESKTOP UNITY_HARDWARE_TIER3 UNITY_COLORSPACE_GAMMA UNITY_LIGHTMAP_DLDR_ENCODING ok=1
Cmd: initializeCompiler
Cmd: preprocess
  insize=1516 outsize=295 ok=1
Cmd: preprocess
  insize=1713 outsize=258 ok=1
Cmd: initializeCompiler
Cmd: initializeCompiler
Cmd: initializeCompiler
Cmd: compileSnippet
  api=4 type=0 insize=6693 outsize=3478 kw=BEVEL_ON UNDERLAY_ON pd=UNITY_NO_DXT5nm UNITY_ENABLE_REFLECTION_BUFFERS UNITY_NO_CUBEMAP_ARRAY UNITY_NO_SCREENSPACE_SHADOWS UNITY_PBS_USE_BRDF2 SHADER_API_DESKTOP UNITY_HARDWARE_TIER3 UNITY_COLORSPACE_GAMMA UNITY_LIGHTMAP_DLDR_ENCODING ok=1
Cmd: compileSnippet
  api=4 type=1 insize=6693 outsize=4654 kw=BEVEL_ON UNDERLAY_ON pd=UNITY_NO_DXT5nm UNITY_ENABLE_REFLECTION_BUFFERS UNITY_NO_CUBEMAP_ARRAY UNITY_NO_SCREENSPACE_SHADOWS UNITY_PBS_USE_BRDF2 SHADER_API_DESKTOP UNITY_HARDWARE_TIER3 UNITY_COLORSPACE_GAMMA UNITY_LIGHTMAP_DLDR_ENCODING ok=1
Cmd: compileSnippet
  api=4 type=0 insize=6693 outsize=3602 kw=UNDERLAY_ON GLOW_ON pd=UNITY_NO_DXT5nm UNITY_ENABLE_REFLECTION_BUFFERS UNITY_NO_CUBEMAP_ARRAY UNITY_NO_SCREENSPACE_SHADOWS UNITY_PBS_USE_BRDF2 SHADER_API_DESKTOP UNITY_HARDWARE_TIER3 UNITY_COLORSPACE_GAMMA UNITY_LIGHTMAP_DLDR_ENCODING ok=1
Cmd: compileSnippet
  api=4 type=1 insize=6693 outsize=2566 kw=UNDERLAY_ON GLOW_ON pd=UNITY_NO_DXT5nm UNITY_ENABLE_REFLECTION_BUFFERS UNITY_NO_CUBEMAP_ARRAY UNITY_NO_SCREENSPACE_SHADOWS UNITY_PBS_USE_BRDF2 SHADER_API_DESKTOP UNITY_HARDWARE_TIER3 UNITY_COLORSPACE_GAMMA UNITY_LIGHTMAP_DLDR_ENCODING ok=1
Cmd: preprocess
  insize=1516 outsize=295 ok=1
Cmd: preprocess
  insize=1713 outsize=258 ok=1
Cmd: initializeCompiler
Cmd: initializeCompiler
Cmd: initializeCompiler
Cmd: initializeCompiler
Cmd: initializeCompiler
Cmd: preprocess
  insize=1516 outsize=295 ok=1
Cmd: preprocess
  insize=1713 outsize=258 ok=1
Cmd: initializeCompiler
Cmd: preprocess
  insize=1516 outsize=295 ok=1
Cmd: preprocess
  insize=1713 outsize=258 ok=1
Cmd: initializeCompiler
Cmd: initializeCompiler
Cmd: initializeCompiler
Cmd: initializeCompiler
Cmd: initializeCompiler
Cmd: preprocess
  insize=1516 outsize=295 ok=1
Cmd: preprocess
  insize=1713 outsize=258 ok=1
Cmd: initializeCompiler
Cmd: preprocess
  insize=1516 outsize=295 ok=1
Cmd: preprocess
  insize=1713 outsize=258 ok=1
Cmd: initializeCompiler
Cmd: preprocess
  insize=1516 outsize=295 ok=1
Cmd: preprocess
  insize=1713 outsize=258 ok=1
Cmd: initializeCompiler
Cmd: preprocess
  insize=1516 outsize=295 ok=1
Cmd: preprocess
  insize=1713 outsize=258 ok=1
Cmd: initializeCompiler
Cmd: preprocess
  insize=1516 outsize=295 ok=1
Cmd: preprocess
  insize=1713 outsize=258 ok=1
Cmd: preprocess
  insize=1516 outsize=295 ok=1
Cmd: preprocess
  insize=1713 outsize=258 ok=1
Cmd: initializeCompiler
Cmd: preprocess
  insize=1516 outsize=295 ok=1
Cmd: preprocess
  insize=1713 outsize=258 ok=1
Cmd: initializeCompiler
Cmd: preprocess
  insize=1516 outsize=295 ok=1
Cmd: preprocess
  insize=1713 outsize=258 ok=1
Cmd: preprocess
  insize=1516 outsize=295 ok=1
Cmd: preprocess
  insize=1713 outsize=258 ok=1
Cmd: initializeCompiler
Cmd: preprocess
  insize=1516 outsize=295 ok=1
Cmd: preprocess
  insize=1713 outsize=258 ok=1
Cmd: initializeCompiler
Cmd: preprocess
  insize=1516 outsize=295 ok=1
Cmd: preprocess
  insize=1713 outsize=258 ok=1
Cmd: preprocess
  insize=1516 outsize=295 ok=1
Cmd: preprocess
  insize=1713 outsize=258 ok=1
Cmd: initializeCompiler
Cmd: preprocess
  insize=1516 outsize=295 ok=1
Cmd: preprocess
  insize=1713 outsize=258 ok=1
Cmd: initializeCompiler
Cmd: initializeCompiler
Cmd: preprocess
  insize=1516 outsize=295 ok=1
Cmd: preprocess
  insize=1713 outsize=258 ok=1
Cmd: preprocess
  insize=1516 outsize=295 ok=1
Cmd: preprocess
  insize=1713 outsize=258 ok=1
Cmd: initializeCompiler
Cmd: preprocess
  insize=1516 outsize=295 ok=1
Cmd: preprocess
  insize=1713 outsize=258 ok=1
Cmd: initializeCompiler
Cmd: initializeCompiler
Cmd: initializeCompiler
Cmd: preprocess
  insize=1516 outsize=295 ok=1
Cmd: preprocess
  insize=1713 outsize=258 ok=1
Cmd: initializeCompiler
Cmd: preprocess
  insize=1516 outsize=295 ok=1
Cmd: preprocess
  insize=1713 outsize=258 ok=1
Cmd: initializeCompiler
Cmd: initializeCompiler
Cmd: preprocess
  insize=1516 outsize=295 ok=1
Cmd: preprocess
  insize=1713 outsize=258 ok=1
Cmd: initializeCompiler
Cmd: initializeCompiler
Cmd: preprocess
  insize=1516 outsize=295 ok=1
Cmd: preprocess
  insize=1713 outsize=258 ok=1
Cmd: initializeCompiler
Cmd: initializeCompiler
Cmd: preprocess
  insize=1516 outsize=295 ok=1
Cmd: preprocess
  insize=1713 outsize=258 ok=1
Cmd: initializeCompiler
Cmd: preprocess
  insize=1516 outsize=295 ok=1
Cmd: preprocess
  insize=1713 outsize=258 ok=1
Cmd: initializeCompiler
Cmd: preprocess
  insize=1516 outsize=295 ok=1
Cmd: preprocess
  insize=1713 outsize=258 ok=1
Cmd: initializeCompiler
Cmd: preprocess
  insize=1516 outsize=295 ok=1
Cmd: preprocess
  insize=1713 outsize=258 ok=1
Cmd: initializeCompiler
Cmd: initializeCompiler
Cmd: initializeCompiler
Cmd: initializeCompiler
Cmd: preprocess
  insize=1516 outsize=295 ok=1
Cmd: preprocess
  insize=1713 outsize=258 ok=1
Cmd: initializeCompiler
Cmd: preprocess
  insize=1516 outsize=295 ok=1
Cmd: preprocess
  insize=1713 outsize=258 ok=1
Cmd: initializeCompiler
Cmd: preprocess
  insize=1516 outsize=295 ok=1
Cmd: initializeCompiler
Cmd: initializeCompiler
